INFO:root:enrichedJson2Corpus
INFO:root:Fail:org.ekstep.tellmenowhappyandsadhindi
INFO:root:Fail:domain_71453
INFO:root:Fail:Test_QA_1213
INFO:root:Fail:domain_66036
INFO:root:Fail:domain_10879
INFO:root:Fail:org.ekstep.pratham
INFO:root:Fail:Test_QA_329
INFO:root:Fail:org.ekstep.tellmenowsweetandsourhindi
INFO:root:Fail:domain_48865
INFO:root:Fail:domain_14302
INFO:root:Fail:Test_QA_141
INFO:root:Fail:Test_QA_405
INFO:root:Fail:domain_17232
INFO:root:Fail:video_testbook
INFO:root:Fail:domain_46378
INFO:root:Fail:domain_13483
INFO:root:Fail:domain_15277
INFO:root:Fail:Test_QA_72
INFO:root:Fail:domain_14444
INFO:root:Fail:domain_48674
INFO:root:Fail:domain_59928
INFO:root:Fail:Test_QA_218
INFO:root:Fail:domain_37089
INFO:root:Fail:domain_14658
INFO:root:Fail:video_oneSlideQA1
INFO:root:Fail:org.ekstep.aser
INFO:root:Fail:test.org.ekstep.action-chaining
INFO:root:Fail:test.org.ekstep.gc.iteration.36.1
INFO:root:Fail:org.ekstep.esl_at
INFO:root:Fail:Test_QA_217
INFO:root:Fail:Test_QA_154
INFO:root:Fail:ecml_testbook_inputPlugin
INFO:root:Fail:org.ekstep.apr19.story
INFO:root:Fail:domain_55003
INFO:root:Fail:domain_62069
INFO:root:Fail:Test_QA_33
INFO:root:Fail:do_20092951
INFO:root:Fail:Test_QA_55
INFO:root:Fail:Test_QA_360
INFO:root:Fail:domain_15287
INFO:root:Fail:Test_QA_r
INFO:root:Fail:Test_QA_328
INFO:root:Fail:ecml_testbook_shape
INFO:root:Fail:testbook.ecml.textBook
INFO:root:Fail:domain_12395
INFO:root:Fail:org.ekstep.num.scrn.basic
INFO:root:Fail:domain_13952
INFO:root:Fail:Test_QA_2026
INFO:root:Fail:ilimi_Qa_HtmlBuildSentence
INFO:root:Fail:domain_48763
INFO:root:Fail:Test_QA_102
INFO:root:Fail:Test_QA_341
INFO:root:Fail:domain_71452
INFO:root:Fail:domain_62093
INFO:root:Fail:Test_QA_183
INFO:root:Fail:numeracy_365
INFO:root:Fail:domain_15300
INFO:root:Fail:E2E_QA015
INFO:root:Fail:Test_QA_348
INFO:root:Fail:domain_14298
INFO:root:Fail:Test_QA_90
INFO:root:Fail:domain_49024
INFO:root:Fail:numeracy_418
INFO:root:Fail:Test_QA_249
INFO:root:Fail:Test_QA_284
INFO:root:Fail:test.org.ekstep.read-along
INFO:root:Fail:domain_71458
INFO:root:Fail:Test_QA_246
INFO:root:Fail:org.ekstep.tellmenowcolourshindi
INFO:root:Fail:domain_14625
INFO:root:Fail:Test_QA_289
INFO:root:Fail:org.ekstep.story.en.rain
INFO:root:Fail:Test_QA_t1
INFO:root:Fail:domain_14450
INFO:root:Fail:test.org.ekstep.iteration37
INFO:root:Fail:domain_38239
INFO:root:Fail:domain_13688
INFO:root:Fail:org.ekstep.lit.scrnr.kan.basic
INFO:root:Fail:Test_QA_226
INFO:root:Fail:domain_13476
INFO:root:Fail:domain_47608
INFO:root:Fail:numeracy_366
INFO:root:Fail:Test_QA_11
INFO:root:Fail:Test_QA_269
INFO:root:Fail:ecml_testbook_text
INFO:root:Fail:Test_QA_297
INFO:root:Fail:E2E_QA9
INFO:root:Fail:org.ekstep.story.hi.colour
INFO:root:Fail:Test_QA_75
INFO:root:Fail:Test_QA_131
INFO:root:Fail:org.ekstep.tellmenowcolours
INFO:root:Fail:Test_QA_266
INFO:root:Fail:ecml_testbook_gridlayout
INFO:root:Fail:Test_QA_198
INFO:root:Fail:ecml.org.ekstep.testbook.gridlayout
INFO:root:Fail:domain_14666
INFO:root:Fail:org.ekstep.htmltest
INFO:root:Fail:E2E_QA_TextBook
INFO:root:Fail:domain_16864
INFO:root:Fail:domain_14439
INFO:root:Fail:domain_70413
INFO:root:Fail:domain_15285
INFO:root:Fail:org.ekstep.story.hi.happy
INFO:root:Fail:domain_54564
INFO:root:Fail:org.ekstep.story.hi.colours
INFO:root:Fail:Test_QA_369
INFO:root:Fail:org.ekstep.story.en.joy
INFO:root:Fail:domain_14421
INFO:root:Fail:do_20092936
INFO:root:Fail:Test_QA_103
INFO:root:Fail:test.org.ekstep.record.n.play
INFO:root:Fail:testbook.ecml.text1
INFO:root:Fail:domain_13436
INFO:root:Fail:Test_QA_94
INFO:root:Fail:domain_38696
INFO:root:Fail:Test_QA_2025
INFO:root:Fail:org.ekstep.story.hi.sweet
INFO:root:Fail:Test_QA_461
INFO:root:Fail:do_20072223
INFO:root:Fail:Test_QA_132
INFO:root:Fail:Test_QA_481
INFO:root:Fail:Test_QA_475
INFO:root:Fail:domain_49276
INFO:root:Fail:domain_66660
INFO:root:Fail:domain_64106
INFO:root:Fail:Test_QA_300
INFO:root:Fail:domain_37974
INFO:root:Fail:org.ekstep.joyenglish
INFO:root:Fail:domain_14388
INFO:root:Fail:org.ekstep.num.build.sentence
INFO:root:Fail:E2E_QAa3
INFO:root:Fail:test.org.ekstep.barahkadi-sprite
INFO:root:Fail:Test_QA_398
INFO:root:Fail:domain_66034
INFO:root:Fail:domain_47893
INFO:root:Fail:video_oneSlide
INFO:root:Fail:Test_QA_new2
INFO:root:Fail:do_20072217
INFO:root:Fail:domain_37764
INFO:root:Fail:domain_48759
INFO:root:Fail:org.ekstep.story.en.colours
INFO:root:Fail:ecml_testbook_image
INFO:root:Fail:video_oneSlideQA
INFO:root:Fail:domain_63382
INFO:root:Fail:Test_QA_326
INFO:root:Fail:domain_14828
INFO:root:Fail:domain_67490
INFO:root:Fail:domain_14461
INFO:root:Fail:domain_51015
INFO:root:Fail:org.ekstep.delta
INFO:root:Fail:Test_QA_123
INFO:root:Fail:Test_QA_349
INFO:root:Fail:Test_QA_61
INFO:root:Fail:Test_QA_225
INFO:root:Fail:Test_QA_157
INFO:root:Fail:Test_QA_378
INFO:root:Fail:domain_14285
INFO:root:Fail:Test_QA_169
INFO:root:Fail:do_20092539
INFO:root:Fail:Test_QA_314
INFO:root:Fail:domain_13313
INFO:root:Fail:Test_QA_21
INFO:root:Fail:org.ekstep.story.en.happy
INFO:root:Fail:org.ekstep.ms_52d0830769702d38e3130400
INFO:root:Fail:domain_14443
INFO:root:Fail:org.ekstep.tellmenowhappyandsad
INFO:root:Fail:domain_14589
INFO:root:Fail:domain_39657
INFO:root:Fail:Test_QA_19
INFO:root:Fail:domain_14740
INFO:root:enrichedJson2Corpus
